<?xml version="1.0" encoding="UTF-8"?>
<!-- Generated by org.testng.reporters.JUnitReportReporter -->
<testsuite skipped="1" hostname="DESKTOP-MDKUKL6" name="TestProject.DataDrivenTest.ExcelData1" tests="1" failures="0" timestamp="06 Mar 2020 22:15:51 GMT" time="0.000" errors="0">
  <testcase name="test" time="0.000" classname="TestProject.DataDrivenTest.ExcelData1">
    <skipped/>
  </testcase> <!-- test -->
</testsuite> <!-- TestProject.DataDrivenTest.ExcelData1 -->
