<?xml version="1.0" encoding="UTF-8"?>
<!-- Generated by org.testng.reporters.JUnitReportReporter -->
<testsuite skipped="0" hostname="DESKTOP-MDKUKL6" name="RestAssured.GetData" tests="1" failures="0" timestamp="30 Jan 2020 05:24:37 GMT" time="3.878" errors="0">
  <testcase name="testResponse" time="3.878" classname="RestAssured.GetData"/>
</testsuite> <!-- RestAssured.GetData -->
