<?xml version="1.0" encoding="UTF-8"?>
<!-- Generated by org.testng.reporters.JUnitReportReporter -->
<testsuite skipped="0" hostname="DESKTOP-MDKUKL6" name="RestAssured.RestAssuredDemo" tests="1" failures="0" timestamp="21 Feb 2020 21:04:50 GMT" time="4.208" errors="0">
  <testcase name="test" time="4.208" classname="RestAssured.RestAssuredDemo"/>
</testsuite> <!-- RestAssured.RestAssuredDemo -->
