<?xml version="1.0" encoding="UTF-8"?>
<!-- Generated by org.testng.reporters.JUnitReportReporter -->
<testsuite skipped="0" hostname="DESKTOP-MDKUKL6" name="RestAssured.RestAssureAuthentication" tests="1" failures="0" timestamp="04 Feb 2020 22:13:39 GMT" time="3.089" errors="0">
  <testcase name="test" time="3.089" classname="RestAssured.RestAssureAuthentication"/>
</testsuite> <!-- RestAssured.RestAssureAuthentication -->
