<?xml version="1.0" encoding="UTF-8"?>
<!-- Generated by org.testng.reporters.JUnitReportReporter -->
<testsuite skipped="0" hostname="DESKTOP-MDKUKL6" name="RestAssured.Test12" tests="1" failures="0" timestamp="21 Feb 2020 21:13:23 GMT" time="2.609" errors="0">
  <testcase name="test" time="2.609" classname="RestAssured.Test12"/>
</testsuite> <!-- RestAssured.Test12 -->
