<?xml version="1.0" encoding="UTF-8"?>
<!-- Generated by org.testng.reporters.JUnitReportReporter -->
<testsuite skipped="0" hostname="DESKTOP-MDKUKL6" name="RestAssured.RestAssuredDemo" tests="1" failures="0" timestamp="04 Feb 2020 19:52:01 GMT" time="3.491" errors="0">
  <testcase name="test" time="3.491" classname="RestAssured.RestAssuredDemo"/>
</testsuite> <!-- RestAssured.RestAssuredDemo -->
