<?xml version="1.0" encoding="UTF-8"?>
<!-- Generated by org.testng.reporters.JUnitReportReporter -->
<testsuite skipped="0" hostname="DESKTOP-MDKUKL6" name="RestAssured.Oauth2tokentest" tests="1" failures="0" timestamp="05 Feb 2020 04:33:29 GMT" time="2.406" errors="0">
  <testcase name="oauthtest" time="2.406" classname="RestAssured.Oauth2tokentest"/>
</testsuite> <!-- RestAssured.Oauth2tokentest -->
