<?xml version="1.0" encoding="UTF-8"?>
<!-- Generated by org.testng.reporters.JUnitReportReporter -->
<testsuite skipped="0" hostname="DESKTOP-MDKUKL6" name="RestAssured.TagCode" tests="1" failures="0" timestamp="05 Feb 2020 04:23:08 GMT" time="1.959" errors="0">
  <testcase name="testtag" time="1.959" classname="RestAssured.TagCode"/>
</testsuite> <!-- RestAssured.TagCode -->
