<?xml version="1.0" encoding="UTF-8"?>
<!-- Generated by org.testng.reporters.JUnitReportReporter -->
<testsuite skipped="0" hostname="DESKTOP-MDKUKL6" name="RestAssured.getDataarray" tests="1" failures="0" timestamp="05 Mar 2020 05:40:23 GMT" time="2.374" errors="0">
  <testcase name="test" time="2.374" classname="RestAssured.getDataarray"/>
</testsuite> <!-- RestAssured.getDataarray -->
