<?xml version="1.0" encoding="UTF-8"?>
<!-- Generated by org.testng.reporters.JUnitReportReporter -->
<testsuite skipped="0" hostname="DESKTOP-MDKUKL6" name="TestProject.ApacheAPITesting.test3" tests="3" failures="0" timestamp="27 Feb 2020 22:14:59 GMT" time="3.564" errors="0">
  <testcase name="putTest" time="0.401" classname="TestProject.ApacheAPITesting.test3"/>
  <testcase name="DeleTest" time="1.671" classname="TestProject.ApacheAPITesting.test3"/>
  <testcase name="getTest" time="1.492" classname="TestProject.ApacheAPITesting.test3"/>
</testsuite> <!-- TestProject.ApacheAPITesting.test3 -->
