<?xml version="1.0" encoding="UTF-8"?>
<!-- Generated by org.testng.reporters.JUnitReportReporter -->
<testsuite skipped="0" hostname="DESKTOP-MDKUKL6" name="TestProject.ApacheAPITesting.test2" tests="2" failures="0" timestamp="26 Feb 2020 05:05:37 GMT" time="2.054" errors="0">
  <testcase name="getRequest" time="1.437" classname="TestProject.ApacheAPITesting.test2"/>
  <testcase name="postRequest" time="0.617" classname="TestProject.ApacheAPITesting.test2"/>
</testsuite> <!-- TestProject.ApacheAPITesting.test2 -->
