<?xml version="1.0" encoding="UTF-8"?>
<!-- Generated by org.testng.reporters.JUnitReportReporter -->
<testsuite skipped="0" hostname="DESKTOP-MDKUKL6" name="com.qa.tests.GetAPITest" tests="1" failures="0" timestamp="12 Mar 2020 21:10:00 GMT" time="0.947" errors="0">
  <testcase name="getTest" time="0.947" classname="com.qa.tests.GetAPITest"/>
</testsuite> <!-- com.qa.tests.GetAPITest -->
