<?xml version="1.0" encoding="UTF-8"?>
<!-- Generated by org.testng.reporters.JUnitReportReporter -->
<testsuite skipped="0" hostname="DESKTOP-MDKUKL6" name="com.inetbanking.testCases.LoginTest" tests="1" failures="0" timestamp="26 Jan 2020 21:58:10 GMT" time="4.689" errors="0">
  <testcase name="LoginTest1" time="4.689" classname="com.inetbanking.testCases.LoginTest"/>
</testsuite> <!-- com.inetbanking.testCases.LoginTest -->
